2020-02-04 22:33:54,259 INFO Starting Nacos v1.1.4 on 3CS29H3UKCR9NE8 with PID 15152 (C:\Users\Administrator\Desktop\nacos-server-1.1.4\nacos\target\nacos-server.jar started by Administrator in C:\Users\Administrator\Desktop\nacos-server-1.1.4\nacos\bin)

2020-02-04 22:33:54,276 INFO The following profiles are active: standalone

2020-02-04 22:34:01,368 INFO Bean 'org.springframework.security.config.annotation.configuration.ObjectPostProcessorConfiguration' of type [org.springframework.security.config.annotation.configuration.ObjectPostProcessorConfiguration$$EnhancerBySpringCGLIB$$2e48e78] is not eligible for getting processed by all BeanPostProcessors (for example: not eligible for auto-proxying)

2020-02-04 22:34:01,679 INFO Bean 'objectPostProcessor' of type [org.springframework.security.config.annotation.configuration.AutowireBeanFactoryObjectPostProcessor] is not eligible for getting processed by all BeanPostProcessors (for example: not eligible for auto-proxying)

2020-02-04 22:34:01,704 INFO Bean 'org.springframework.security.access.expression.method.DefaultMethodSecurityExpressionHandler@1040be71' of type [org.springframework.security.access.expression.method.DefaultMethodSecurityExpressionHandler] is not eligible for getting processed by all BeanPostProcessors (for example: not eligible for auto-proxying)

2020-02-04 22:34:01,720 INFO Bean 'org.springframework.security.config.annotation.method.configuration.GlobalMethodSecurityConfiguration' of type [org.springframework.security.config.annotation.method.configuration.GlobalMethodSecurityConfiguration$$EnhancerBySpringCGLIB$$27b9312a] is not eligible for getting processed by all BeanPostProcessors (for example: not eligible for auto-proxying)

2020-02-04 22:34:01,743 INFO Bean 'methodSecurityMetadataSource' of type [org.springframework.security.access.method.DelegatingMethodSecurityMetadataSource] is not eligible for getting processed by all BeanPostProcessors (for example: not eligible for auto-proxying)

2020-02-04 22:34:03,608 INFO Tomcat initialized with port(s): 8848 (http)

2020-02-04 22:34:03,695 INFO Starting service [Tomcat]

2020-02-04 22:34:03,696 INFO Starting Servlet Engine: Apache Tomcat/9.0.13

2020-02-04 22:34:03,744 INFO The APR based Apache Tomcat Native library which allows optimal performance in production environments was not found on the java.library.path: [C:\Program Files\Java\jdk1.8.0_131\bin;C:\Windows\Sun\Java\bin;C:\Windows\system32;C:\Windows;D:\Python3.6.8;D:\Python3.6.8\Scripts;C:\ProgramData\Oracle\Java\javapath;C:\Windows\system32;C:\Windows;C:\Windows\System32\Wbem;C:\Windows\System32\WindowsPowerShell\v1.0\;C:\apache-maven-3.5.0\bin;C:\Program Files\Java\jdk1.8.0_131\bin;C:\Program Files\nodejs\;C:\Program Files\Git\cmd;C:\Program Files\TortoiseSVN\bin;D:\Python3.6.8;D:\Python3.6.8\Scripts;C:\Program Files\MySQL\MySQL Shell 8.0\bin\;;.]

2020-02-04 22:34:03,962 INFO Initializing Spring embedded WebApplicationContext

2020-02-04 22:34:03,962 INFO Root WebApplicationContext: initialization completed in 9069 ms

2020-02-04 22:34:12,922 INFO Use Mysql as the driver

2020-02-04 22:34:13,734 INFO Initializing ExecutorService 'applicationTaskExecutor'

2020-02-04 22:34:14,816 INFO Adding welcome page: class path resource [static/index.html]

2020-02-04 22:34:16,400 INFO Creating filter chain: Ant [pattern='/'], []

2020-02-04 22:34:16,437 INFO Creating filter chain: Ant [pattern='/**/*.css'], []

2020-02-04 22:34:16,446 INFO Creating filter chain: Ant [pattern='/**/*.js'], []

2020-02-04 22:34:16,534 INFO Creating filter chain: Ant [pattern='/**/*.html'], []

2020-02-04 22:34:16,551 INFO Creating filter chain: Ant [pattern='/**/*.map'], []

2020-02-04 22:34:16,578 INFO Creating filter chain: Ant [pattern='/**/*.svg'], []

2020-02-04 22:34:16,613 INFO Creating filter chain: Ant [pattern='/**/*.png'], []

2020-02-04 22:34:16,641 INFO Creating filter chain: Ant [pattern='/**/*.ico'], []

2020-02-04 22:34:16,671 INFO Creating filter chain: Ant [pattern='/console-fe/public/**'], []

2020-02-04 22:34:16,686 INFO Creating filter chain: Ant [pattern='/v1/auth/login'], []

2020-02-04 22:34:16,690 INFO Creating filter chain: Ant [pattern='/v1/console/health/**'], []

2020-02-04 22:34:16,742 INFO Creating filter chain: Ant [pattern='/v1/cs/**'], []

2020-02-04 22:34:16,766 INFO Creating filter chain: Ant [pattern='/v1/ns/**'], []

2020-02-04 22:34:16,795 INFO Creating filter chain: Ant [pattern='/v1/cmdb/**'], []

2020-02-04 22:34:16,801 INFO Creating filter chain: Ant [pattern='/actuator/**'], []

2020-02-04 22:34:16,805 INFO Creating filter chain: Ant [pattern='/v1/console/server/**'], []

2020-02-04 22:34:16,891 INFO Creating filter chain: any request, [org.springframework.security.web.context.request.async.WebAsyncManagerIntegrationFilter@191ae03f, org.springframework.security.web.context.SecurityContextPersistenceFilter@18a3962d, org.springframework.security.web.header.HeaderWriterFilter@41a90fa8, org.springframework.security.web.authentication.logout.LogoutFilter@2289aca5, com.alibaba.nacos.console.filter.JwtAuthenticationTokenFilter@9635fa, org.springframework.security.web.savedrequest.RequestCacheAwareFilter@2a65bb85, org.springframework.security.web.servletapi.SecurityContextHolderAwareRequestFilter@4215838f, org.springframework.security.web.authentication.AnonymousAuthenticationFilter@53ab0286, org.springframework.security.web.session.SessionManagementFilter@52500920, org.springframework.security.web.access.ExceptionTranslationFilter@5d465e4b, org.springframework.security.web.access.intercept.FilterSecurityInterceptor@6c67e137]

2020-02-04 22:34:17,111 INFO Exposing 2 endpoint(s) beneath base path '/actuator'

2020-02-04 22:34:17,179 INFO Initializing ExecutorService 'taskScheduler'

2020-02-04 22:34:17,389 INFO Tomcat started on port(s): 8848 (http) with context path '/nacos'

2020-02-04 22:34:17,400 INFO Started Nacos in 26.242 seconds (JVM running for 27.758)

2020-02-04 22:34:17,400 INFO Nacos Log files: C:\Users\Administrator\Desktop\nacos-server-1.1.4\nacos/logs/

2020-02-04 22:34:17,403 INFO Nacos Conf files: C:\Users\Administrator\Desktop\nacos-server-1.1.4\nacos/conf/

2020-02-04 22:34:17,405 INFO Nacos Data files: C:\Users\Administrator\Desktop\nacos-server-1.1.4\nacos/data/

2020-02-04 22:34:17,408 INFO Nacos started successfully in stand alone mode.

2020-02-04 22:34:17,656 INFO Initializing Spring DispatcherServlet 'dispatcherServlet'

2020-02-04 22:34:17,656 INFO Initializing Servlet 'dispatcherServlet'

2020-02-04 22:34:17,678 INFO Completed initialization in 22 ms

